<?xml version="1.0" encoding="UTF-8"?>
<!-- Generated by org.testng.reporters.JUnitXMLReporter -->
<testsuite hostname="SINDIYA-DIPIN" ignored="0" name="Default test" tests="3" failures="0" timestamp="10 Jul 2020 03:22:17 GMT" time="1.519" errors="0">
  <testcase name="runScenario" time="0.303" classname="custom.runners.CustomAbstractTestNGCucumberTestsWithTag"/>
  <testcase name="runScenario" time="0.002" classname="custom.runners.CustomAbstractTestNGCucumberTestsWithTag"/>
  <testcase name="runScenario" time="0.002" classname="custom.runners.CustomAbstractTestNGCucumberTestsWithTag"/>
</testsuite> <!-- Default test -->
